{
  message: 'Database is connected successfully',
  level: 'info',
  label: 'PH',
  timestamp: '2023-06-15T18:20:36.787Z'
}
{
  message: 'Application listening on port 4000',
  level: 'info',
  label: 'PH',
  timestamp: '2023-06-15T18:20:36.794Z'
}
{
  message: 'Database is connected successfully',
  level: 'info',
  label: 'PH',
  timestamp: '2023-06-15T18:29:02.300Z'
}
{
  message: 'Application listening on port 4000',
  level: 'info',
  label: 'PH',
  timestamp: '2023-06-15T18:29:02.307Z'
}
{
  message: 'Database is connected successfully',
  level: 'info',
  label: 'PH',
  timestamp: '2023-06-15T18:29:05.255Z'
}
{
  message: 'Application listening on port 4000',
  level: 'info',
  label: 'PH',
  timestamp: '2023-06-15T18:29:05.260Z'
}
{
  message: 'Database is connected successfully',
  level: 'info',
  label: 'PH',
  timestamp: '2023-06-15T18:29:12.038Z'
}
{
  message: 'Application listening on port 4000',
  level: 'info',
  label: 'PH',
  timestamp: '2023-06-15T18:29:12.046Z'
}
{
  message: 'Database is connected successfully',
  level: 'info',
  label: 'PH',
  timestamp: '2023-06-15T18:29:14.009Z'
}
{
  message: 'Application listening on port 4000',
  level: 'info',
  label: 'PH',
  timestamp: '2023-06-15T18:29:14.012Z'
}
{
  message: 'Database is connected successfully',
  level: 'info',
  label: 'PH',
  timestamp: '2023-06-15T18:29:16.027Z'
}
{
  message: 'Application listening on port 4000',
  level: 'info',
  label: 'PH',
  timestamp: '2023-06-15T18:29:16.033Z'
}
{
  message: 'Database is connected successfully',
  level: 'info',
  label: 'PH',
  timestamp: '2023-06-15T18:29:17.339Z'
}
{
  message: 'Application listening on port 4000',
  level: 'info',
  label: 'PH',
  timestamp: '2023-06-15T18:29:17.344Z'
}
{
  message: 'Database is connected successfully',
  level: 'info',
  label: 'PH',
  timestamp: '2023-06-15T18:30:14.639Z'
}
{
  message: 'Application listening on port 4000',
  level: 'info',
  label: 'PH',
  timestamp: '2023-06-15T18:30:14.643Z'
}
{
  message: 'Database is connected successfully',
  level: 'info',
  label: 'PH',
  timestamp: '2023-06-15T18:30:16.604Z'
}
{
  message: 'Application listening on port 4000',
  level: 'info',
  label: 'PH',
  timestamp: '2023-06-15T18:30:16.612Z'
}
{
  message: 'Database is connected successfully',
  level: 'info',
  label: 'PH',
  timestamp: '2023-06-15T18:30:20.756Z'
}
{
  message: 'Application listening on port 4000',
  level: 'info',
  label: 'PH',
  timestamp: '2023-06-15T18:30:20.762Z'
}
{
  message: 'Database is connected successfully',
  level: 'info',
  label: 'PH',
  timestamp: '2023-06-15T18:30:22.619Z'
}
{
  message: 'Application listening on port 4000',
  level: 'info',
  label: 'PH',
  timestamp: '2023-06-15T18:30:22.626Z'
}
{
  message: 'Database is connected successfully',
  level: 'info',
  label: 'PH',
  timestamp: '2023-06-15T18:30:34.593Z'
}
{
  message: 'Application listening on port 4000',
  level: 'info',
  label: 'PH',
  timestamp: '2023-06-15T18:30:34.600Z'
}
{
  message: 'Database is connected successfully',
  level: 'info',
  label: 'PH',
  timestamp: '2023-06-15T18:30:40.320Z'
}
{
  message: 'Application listening on port 4000',
  level: 'info',
  label: 'PH',
  timestamp: '2023-06-15T18:30:40.328Z'
}
{
  message: 'Database is connected successfully',
  level: 'info',
  label: 'PH',
  timestamp: '2023-06-15T18:30:47.887Z'
}
{
  message: 'Application listening on port 4000',
  level: 'info',
  label: 'PH',
  timestamp: '2023-06-15T18:30:47.890Z'
}
{
  message: 'Database is connected successfully',
  level: 'info',
  label: 'PH',
  timestamp: '2023-06-15T18:30:51.232Z'
}
{
  message: 'Application listening on port 4000',
  level: 'info',
  label: 'PH',
  timestamp: '2023-06-15T18:30:51.237Z'
}
